<?xml version="1.0" encoding="UTF-8"?>
<!-- Generated by org.testng.reporters.JUnitReportReporter -->
<testsuite hostname="DESKTOP-67EBF5Q" failures="0" tests="1" name="com.myTest.MaheshCode" time="2.950" errors="0" timestamp="2024-11-07T15:36:37 IST" skipped="0">
  <testcase classname="com.myTest.MaheshCode" name="ckeckHelpAboutNowTest" time="2.950"/>
  <system-out/>
</testsuite> <!-- com.myTest.MaheshCode -->
