<?xml version="1.0" encoding="UTF-8"?>
<!-- Generated by org.testng.reporters.JUnitReportReporter -->
<testsuite hostname="DESKTOP-67EBF5Q" failures="0" tests="1" name="com.myTest.NotepadTest" time="10.061" errors="0" timestamp="2024-11-19T15:58:43 IST" skipped="0">
  <testcase classname="com.myTest.NotepadTest" name="checkHelpAboutTest" time="10.061"/>
  <system-out/>
</testsuite> <!-- com.myTest.NotepadTest -->
